2022-02-05 14:12:25.483+0000 WARN [o.n.i.p.PageCache] The dbms.memory.pagecache.size setting has not been configured. It is recommended that this setting is always explicitly configured, to ensure the system has a balanced configuration. Until then, a computed heuristic value of 2361976832 bytes will be used instead. Run `neo4j-admin memrec` for memory configuration suggestions.
2022-02-05 14:12:26.245+0000 INFO [o.n.g.f.m.e.CommunityEditionModule] No locking implementation specified, defaulting to 'community'
2022-02-05 14:12:26.560+0000 INFO [o.n.g.f.GraphDatabaseFacadeFactory] Creating 'graph.db' database.
2022-02-05 14:12:26.617+0000 INFO [o.n.k.a.DatabaseAvailabilityGuard] Requirement `Database available` makes database graph.db unavailable.
2022-02-05 14:12:26.619+0000 INFO [o.n.k.a.DatabaseAvailabilityGuard] Database graph.db is unavailable.
2022-02-05 14:12:26.653+0000 INFO [o.n.i.d.DiagnosticsManager] --- INITIALIZED diagnostics START ---
2022-02-05 14:12:26.654+0000 INFO [o.n.i.d.DiagnosticsManager] Neo4j Kernel properties:
2022-02-05 14:12:26.654+0000 INFO [o.n.i.d.DiagnosticsManager] dbms.connector.http.enabled=true
2022-02-05 14:12:26.655+0000 INFO [o.n.i.d.DiagnosticsManager] unsupported.dbms.edition=community
2022-02-05 14:12:26.655+0000 INFO [o.n.i.d.DiagnosticsManager] dbms.security.auth_enabled=true
2022-02-05 14:12:26.655+0000 INFO [o.n.i.d.DiagnosticsManager] dbms.windows_service_name=neo4j
2022-02-05 14:12:26.655+0000 INFO [o.n.i.d.DiagnosticsManager] dbms.connector.bolt.enabled=true
2022-02-05 14:12:26.655+0000 INFO [o.n.i.d.DiagnosticsManager] unsupported.dbms.directories.neo4j_home=C:\Users\Marcus Aurelius\Desktop\neo4j-community-3.5.30-windows\neo4j-community-3.5.30
2022-02-05 14:12:26.655+0000 INFO [o.n.i.d.DiagnosticsManager] dbms.connector.https.enabled=true
2022-02-05 14:12:26.656+0000 INFO [o.n.i.d.DiagnosticsManager] dbms.directories.import=import
2022-02-05 14:12:26.656+0000 INFO [o.n.i.d.DiagnosticsManager] dbms.jvm.additional=-XX:+UseG1GC
2022-02-05 14:12:26.656+0000 INFO [o.n.i.d.DiagnosticsManager] dbms.tx_log.rotation.retention_policy=1 days
2022-02-05 14:12:26.656+0000 INFO [o.n.i.d.DiagnosticsManager] Diagnostics providers:
2022-02-05 14:12:26.656+0000 INFO [o.n.i.d.DiagnosticsManager] org.neo4j.kernel.configuration.Config
2022-02-05 14:12:26.656+0000 INFO [o.n.i.d.DiagnosticsManager] org.neo4j.internal.diagnostics.DiagnosticsManager
2022-02-05 14:12:26.657+0000 INFO [o.n.i.d.DiagnosticsManager] SYSTEM_MEMORY
2022-02-05 14:12:26.657+0000 INFO [o.n.i.d.DiagnosticsManager] JAVA_MEMORY
2022-02-05 14:12:26.657+0000 INFO [o.n.i.d.DiagnosticsManager] OPERATING_SYSTEM
2022-02-05 14:12:26.657+0000 INFO [o.n.i.d.DiagnosticsManager] JAVA_VIRTUAL_MACHINE
2022-02-05 14:12:26.657+0000 INFO [o.n.i.d.DiagnosticsManager] CLASSPATH
2022-02-05 14:12:26.657+0000 INFO [o.n.i.d.DiagnosticsManager] LIBRARY_PATH
2022-02-05 14:12:26.657+0000 INFO [o.n.i.d.DiagnosticsManager] SYSTEM_PROPERTIES
2022-02-05 14:12:26.657+0000 INFO [o.n.i.d.DiagnosticsManager] TIMEZONE_DATABASE
2022-02-05 14:12:26.657+0000 INFO [o.n.i.d.DiagnosticsManager] NETWORK
2022-02-05 14:12:26.658+0000 INFO [o.n.i.d.DiagnosticsManager] System memory information:
2022-02-05 14:12:26.675+0000 INFO [o.n.i.d.DiagnosticsManager] Total Physical memory: 5.87 GB
2022-02-05 14:12:26.676+0000 INFO [o.n.i.d.DiagnosticsManager] Free Physical memory: 2.42 GB
2022-02-05 14:12:26.676+0000 INFO [o.n.i.d.DiagnosticsManager] Committed virtual memory: 242.94 MB
2022-02-05 14:12:26.676+0000 INFO [o.n.i.d.DiagnosticsManager] Total swap space: 10.12 GB
2022-02-05 14:12:26.676+0000 INFO [o.n.i.d.DiagnosticsManager] Free swap space: 6.14 GB
2022-02-05 14:12:26.677+0000 INFO [o.n.i.d.DiagnosticsManager] JVM memory information:
2022-02-05 14:12:26.677+0000 INFO [o.n.i.d.DiagnosticsManager] Free  memory: 81.17 MB
2022-02-05 14:12:26.677+0000 INFO [o.n.i.d.DiagnosticsManager] Total memory: 118.00 MB
2022-02-05 14:12:26.677+0000 INFO [o.n.i.d.DiagnosticsManager] Max   memory: 1.47 GB
2022-02-05 14:12:26.689+0000 INFO [o.n.i.d.DiagnosticsManager] Garbage Collector: G1 Young Generation: [G1 Eden Space, G1 Survivor Space, G1 Old Gen]
2022-02-05 14:12:26.690+0000 INFO [o.n.i.d.DiagnosticsManager] Garbage Collector: G1 Old Generation: [G1 Eden Space, G1 Survivor Space, G1 Old Gen]
2022-02-05 14:12:26.691+0000 INFO [o.n.i.d.DiagnosticsManager] Memory Pool: CodeHeap 'non-nmethods' (Non-heap memory): committed=2.44 MB, used=1.17 MB, max=5.56 MB, threshold=0.00 B
2022-02-05 14:12:26.691+0000 INFO [o.n.i.d.DiagnosticsManager] Memory Pool: Metaspace (Non-heap memory): committed=25.75 MB, used=24.94 MB, max=-1.00 B, threshold=0.00 B
2022-02-05 14:12:26.692+0000 INFO [o.n.i.d.DiagnosticsManager] Memory Pool: CodeHeap 'profiled nmethods' (Non-heap memory): committed=4.44 MB, used=4.38 MB, max=117.19 MB, threshold=0.00 B
2022-02-05 14:12:26.692+0000 INFO [o.n.i.d.DiagnosticsManager] Memory Pool: Compressed Class Space (Non-heap memory): committed=3.00 MB, used=2.69 MB, max=1.00 GB, threshold=0.00 B
2022-02-05 14:12:26.692+0000 INFO [o.n.i.d.DiagnosticsManager] Memory Pool: G1 Eden Space (Heap memory): committed=42.00 MB, used=13.00 MB, max=-1.00 B, threshold=?
2022-02-05 14:12:26.693+0000 INFO [o.n.i.d.DiagnosticsManager] Memory Pool: G1 Old Gen (Heap memory): committed=71.00 MB, used=17.83 MB, max=1.47 GB, threshold=0.00 B
2022-02-05 14:12:26.693+0000 INFO [o.n.i.d.DiagnosticsManager] Memory Pool: G1 Survivor Space (Heap memory): committed=5.00 MB, used=5.00 MB, max=-1.00 B, threshold=?
2022-02-05 14:12:26.693+0000 INFO [o.n.i.d.DiagnosticsManager] Memory Pool: CodeHeap 'non-profiled nmethods' (Non-heap memory): committed=2.44 MB, used=984.50 kB, max=117.25 MB, threshold=0.00 B
2022-02-05 14:12:26.694+0000 INFO [o.n.i.d.DiagnosticsManager] Operating system information:
2022-02-05 14:12:26.694+0000 INFO [o.n.i.d.DiagnosticsManager] Operating System: Windows 10; version: 10.0; arch: amd64; cpus: 4
2022-02-05 14:12:26.715+0000 INFO [o.n.i.d.DiagnosticsManager] Process id: 5252@DESKTOP-SPHCV7E
2022-02-05 14:12:26.716+0000 INFO [o.n.i.d.DiagnosticsManager] Byte order: LITTLE_ENDIAN
2022-02-05 14:12:26.750+0000 INFO [o.n.i.d.DiagnosticsManager] Local timezone: Europe/Prague
2022-02-05 14:12:26.750+0000 INFO [o.n.i.d.DiagnosticsManager] JVM information:
2022-02-05 14:12:26.750+0000 INFO [o.n.i.d.DiagnosticsManager] VM Name: OpenJDK 64-Bit Server VM
2022-02-05 14:12:26.750+0000 INFO [o.n.i.d.DiagnosticsManager] VM Vendor: Microsoft
2022-02-05 14:12:26.750+0000 INFO [o.n.i.d.DiagnosticsManager] VM Version: 11.0.13+8-LTS
2022-02-05 14:12:26.751+0000 INFO [o.n.i.d.DiagnosticsManager] JIT compiler: HotSpot 64-Bit Tiered Compilers
2022-02-05 14:12:26.751+0000 INFO [o.n.i.d.DiagnosticsManager] VM Arguments: [-Dlog4j.configuration=file:conf/log4j.properties, -Dneo4j.ext.udc.source=zip-powershell, -Dorg.neo4j.cluster.logdirectory=data/log, -XX:+UseG1GC, -XX:-OmitStackTraceInFastThrow, -XX:+AlwaysPreTouch, -XX:+UnlockExperimentalVMOptions, -XX:+TrustFinalNonStaticFields, -XX:+DisableExplicitGC, -Djdk.tls.ephemeralDHKeySize=2048, -Djdk.tls.rejectClientInitiatedRenegotiation=true, -Dunsupported.dbms.udc.source=zip, -Dfile.encoding=UTF-8]
2022-02-05 14:12:26.751+0000 INFO [o.n.i.d.DiagnosticsManager] Java classpath:
2022-02-05 14:12:26.754+0000 INFO [o.n.i.d.DiagnosticsManager]  [classpath] C:\Users\Marcus Aurelius\Desktop\neo4j-community-3.5.30-windows\neo4j-community-3.5.30\lib\commons-compress-1.21.jar
2022-02-05 14:12:26.754+0000 INFO [o.n.i.d.DiagnosticsManager]  [classpath] C:\Users\Marcus Aurelius\Desktop\neo4j-community-3.5.30-windows\neo4j-community-3.5.30\lib\neo4j-consistency-check-3.5.30.jar
2022-02-05 14:12:26.755+0000 INFO [o.n.i.d.DiagnosticsManager]  [classpath] C:\Users\Marcus Aurelius\Desktop\neo4j-community-3.5.30-windows\neo4j-community-3.5.30\lib\lucene-queryparser-5.5.5.jar
2022-02-05 14:12:26.755+0000 INFO [o.n.i.d.DiagnosticsManager]  [classpath] C:\Users\Marcus Aurelius\Desktop\neo4j-community-3.5.30-windows\neo4j-community-3.5.30\lib\txw2-2.3.2.jar
2022-02-05 14:12:26.755+0000 INFO [o.n.i.d.DiagnosticsManager]  [classpath] C:\Users\Marcus Aurelius\Desktop\neo4j-community-3.5.30-windows\neo4j-community-3.5.30\lib\commons-lang3-3.8.jar
2022-02-05 14:12:26.755+0000 INFO [o.n.i.d.DiagnosticsManager]  [classpath] C:\Users\Marcus Aurelius\Desktop\neo4j-community-3.5.30-windows\neo4j-community-3.5.30\lib\neo4j-csv-3.5.30.jar
2022-02-05 14:12:26.755+0000 INFO [o.n.i.d.DiagnosticsManager]  [classpath] C:\Users\Marcus Aurelius\Desktop\neo4j-community-3.5.30-windows\neo4j-community-3.5.30\lib\neo4j-graphdb-api-3.5.30.jar
2022-02-05 14:12:26.755+0000 INFO [o.n.i.d.DiagnosticsManager]  [classpath] C:\Users\Marcus Aurelius\Desktop\neo4j-community-3.5.30-windows\neo4j-community-3.5.30\lib\neo4j-procedure-api-3.5.30.jar
2022-02-05 14:12:26.755+0000 INFO [o.n.i.d.DiagnosticsManager]  [classpath] C:\Users\Marcus Aurelius\Desktop\neo4j-community-3.5.30-windows\neo4j-community-3.5.30\lib\eclipse-collections-9.2.0.jar
2022-02-05 14:12:26.755+0000 INFO [o.n.i.d.DiagnosticsManager]  [classpath] C:\Users\Marcus Aurelius\Desktop\neo4j-community-3.5.30-windows\neo4j-community-3.5.30\lib\scala-library-2.11.12.jar
2022-02-05 14:12:26.755+0000 INFO [o.n.i.d.DiagnosticsManager]  [classpath] C:\Users\Marcus Aurelius\Desktop\neo4j-community-3.5.30-windows\neo4j-community-3.5.30\lib\jersey-server-1.19.3.jar
2022-02-05 14:12:26.755+0000 INFO [o.n.i.d.DiagnosticsManager]  [classpath] C:\Users\Marcus Aurelius\Desktop\neo4j-community-3.5.30-windows\neo4j-community-3.5.30\lib\neo4j-lucene-index-3.5.30.jar
2022-02-05 14:12:26.755+0000 INFO [o.n.i.d.DiagnosticsManager]  [classpath] C:\Users\Marcus Aurelius\Desktop\neo4j-community-3.5.30-windows\neo4j-community-3.5.30\lib\neo4j-browser-4.3.4.jar
2022-02-05 14:12:26.755+0000 INFO [o.n.i.d.DiagnosticsManager]  [classpath] C:\Users\Marcus Aurelius\Desktop\neo4j-community-3.5.30-windows\neo4j-community-3.5.30\lib\openCypher-frontend-1-3.4.18.jar
2022-02-05 14:12:26.756+0000 INFO [o.n.i.d.DiagnosticsManager]  [classpath] C:\Users\Marcus Aurelius\Desktop\neo4j-community-3.5.30-windows\neo4j-community-3.5.30\lib\neo4j-cypher-compiler-2.3-2.3.12.jar
2022-02-05 14:12:26.756+0000 INFO [o.n.i.d.DiagnosticsManager]  [classpath] C:\Users\Marcus Aurelius\Desktop\neo4j-community-3.5.30-windows\neo4j-community-3.5.30\lib\neo4j-io-3.5.30.jar
2022-02-05 14:12:26.756+0000 INFO [o.n.i.d.DiagnosticsManager]  [classpath] C:\Users\Marcus Aurelius\Desktop\neo4j-community-3.5.30-windows\neo4j-community-3.5.30\lib\caffeine-2.6.2.jar
2022-02-05 14:12:26.756+0000 INFO [o.n.i.d.DiagnosticsManager]  [classpath] C:\Users\Marcus Aurelius\Desktop\neo4j-community-3.5.30-windows\neo4j-community-3.5.30\lib\neo4j-cypher-ir-3.4-3.4.18.jar
2022-02-05 14:12:26.756+0000 INFO [o.n.i.d.DiagnosticsManager]  [classpath] C:\Users\Marcus Aurelius\Desktop\neo4j-community-3.5.30-windows\neo4j-community-3.5.30\lib\jackson-jaxrs-base-2.10.5.jar
2022-02-05 14:12:26.756+0000 INFO [o.n.i.d.DiagnosticsManager]  [classpath] C:\Users\Marcus Aurelius\Desktop\neo4j-community-3.5.30-windows\neo4j-community-3.5.30\lib\neo4j-rewriting-3.5-3.5.30.jar
2022-02-05 14:12:26.756+0000 INFO [o.n.i.d.DiagnosticsManager]  [classpath] C:\Users\Marcus Aurelius\Desktop\neo4j-community-3.5.30-windows\neo4j-community-3.5.30\lib\neo4j-diagnostics-3.5.30.jar
2022-02-05 14:12:26.756+0000 INFO [o.n.i.d.DiagnosticsManager]  [classpath] C:\Users\Marcus Aurelius\Desktop\neo4j-community-3.5.30-windows\neo4j-community-3.5.30\lib\neo4j-parser-3.5-3.5.30.jar
2022-02-05 14:12:26.757+0000 INFO [o.n.i.d.DiagnosticsManager]  [classpath] C:\Users\Marcus Aurelius\Desktop\neo4j-community-3.5.30-windows\neo4j-community-3.5.30\lib\scala-reflect-2.11.12.jar
2022-02-05 14:12:26.757+0000 INFO [o.n.i.d.DiagnosticsManager]  [classpath] C:\Users\Marcus Aurelius\Desktop\neo4j-community-3.5.30-windows\neo4j-community-3.5.30\lib\jackson-module-jaxb-annotations-2.10.5.jar
2022-02-05 14:12:26.757+0000 INFO [o.n.i.d.DiagnosticsManager]  [classpath] C:\Users\Marcus Aurelius\Desktop\neo4j-community-3.5.30-windows\neo4j-community-3.5.30\lib\jProcesses-1.6.4.jar
2022-02-05 14:12:26.757+0000 INFO [o.n.i.d.DiagnosticsManager]  [classpath] C:\Users\Marcus Aurelius\Desktop\neo4j-community-3.5.30-windows\neo4j-community-3.5.30\lib\jetty-xml-9.4.43.v20210629.jar
2022-02-05 14:12:26.757+0000 INFO [o.n.i.d.DiagnosticsManager]  [classpath] C:\Users\Marcus Aurelius\Desktop\neo4j-community-3.5.30-windows\neo4j-community-3.5.30\lib\neo4j-cypher-util-3.4-3.4.18.jar
2022-02-05 14:12:26.757+0000 INFO [o.n.i.d.DiagnosticsManager]  [classpath] C:\Users\Marcus Aurelius\Desktop\neo4j-community-3.5.30-windows\neo4j-community-3.5.30\lib\neo4j-configuration-3.5.30.jar
2022-02-05 14:12:26.757+0000 INFO [o.n.i.d.DiagnosticsManager]  [classpath] C:\Users\Marcus Aurelius\Desktop\neo4j-community-3.5.30-windows\neo4j-community-3.5.30\lib\neo4j-cypher-runtime-util-3.5.30.jar
2022-02-05 14:12:26.758+0000 INFO [o.n.i.d.DiagnosticsManager]  [classpath] C:\Users\Marcus Aurelius\Desktop\neo4j-community-3.5.30-windows\neo4j-community-3.5.30\lib\javax.servlet-api-3.1.0.jar
2022-02-05 14:12:26.758+0000 INFO [o.n.i.d.DiagnosticsManager]  [classpath] C:\Users\Marcus Aurelius\Desktop\neo4j-community-3.5.30-windows\neo4j-community-3.5.30\plugins\*
2022-02-05 14:12:26.758+0000 INFO [o.n.i.d.DiagnosticsManager]  [classpath] C:\Users\Marcus Aurelius\Desktop\neo4j-community-3.5.30-windows\neo4j-community-3.5.30\lib\neo4j-cypher-logical-plans-3.5-3.5.30.jar
2022-02-05 14:12:26.758+0000 INFO [o.n.i.d.DiagnosticsManager]  [classpath] C:\Users\Marcus Aurelius\Desktop\neo4j-community-3.5.30-windows\neo4j-community-3.5.30\lib\neo4j-command-line-3.5.30.jar
2022-02-05 14:12:26.758+0000 INFO [o.n.i.d.DiagnosticsManager]  [classpath] C:\Users\Marcus Aurelius\Desktop\neo4j-community-3.5.30-windows\neo4j-community-3.5.30\lib\neo4j-ast-3.5-3.5.30.jar
2022-02-05 14:12:26.758+0000 INFO [o.n.i.d.DiagnosticsManager]  [classpath] C:\Users\Marcus Aurelius\Desktop\neo4j-community-3.5.30-windows\neo4j-community-3.5.30\lib\neo4j-common-3.5.30.jar
2022-02-05 14:12:26.758+0000 INFO [o.n.i.d.DiagnosticsManager]  [classpath] C:\Users\Marcus Aurelius\Desktop\neo4j-community-3.5.30-windows\neo4j-community-3.5.30\lib\commons-text-1.4.jar
2022-02-05 14:12:26.758+0000 INFO [o.n.i.d.DiagnosticsManager]  [classpath] C:\Users\Marcus Aurelius\Desktop\neo4j-community-3.5.30-windows\neo4j-community-3.5.30\lib\jetty-io-9.4.43.v20210629.jar
2022-02-05 14:12:26.758+0000 INFO [o.n.i.d.DiagnosticsManager]  [classpath] C:\Users\Marcus Aurelius\Desktop\neo4j-community-3.5.30-windows\neo4j-community-3.5.30\lib\jakarta.activation-api-1.2.1.jar
2022-02-05 14:12:26.758+0000 INFO [o.n.i.d.DiagnosticsManager]  [classpath] C:\Users\Marcus Aurelius\Desktop\neo4j-community-3.5.30-windows\neo4j-community-3.5.30\lib\jaxb-api-2.3.0.jar
2022-02-05 14:12:26.758+0000 INFO [o.n.i.d.DiagnosticsManager]  [classpath] C:\Users\Marcus Aurelius\Desktop\neo4j-community-3.5.30-windows\neo4j-community-3.5.30\lib\commons-logging-1.1.1.jar
2022-02-05 14:12:26.759+0000 INFO [o.n.i.d.DiagnosticsManager]  [classpath] C:\Users\Marcus Aurelius\Desktop\neo4j-community-3.5.30-windows\neo4j-community-3.5.30\lib\neo4j-spatial-index-3.5.30.jar
2022-02-05 14:12:26.759+0000 INFO [o.n.i.d.DiagnosticsManager]  [classpath] C:\Users\Marcus Aurelius\Desktop\neo4j-community-3.5.30-windows\neo4j-community-3.5.30\lib\neo4j-cypher-logical-plans-3.4-3.4.18.jar
2022-02-05 14:12:26.759+0000 INFO [o.n.i.d.DiagnosticsManager]  [classpath] C:\Users\Marcus Aurelius\Desktop\neo4j-community-3.5.30-windows\neo4j-community-3.5.30\lib\parboiled-core-1.1.7.jar
2022-02-05 14:12:26.759+0000 INFO [o.n.i.d.DiagnosticsManager]  [classpath] C:\Users\Marcus Aurelius\Desktop\neo4j-community-3.5.30-windows\neo4j-community-3.5.30\lib\zstd-proxy-3.5.30.jar
2022-02-05 14:12:26.759+0000 INFO [o.n.i.d.DiagnosticsManager]  [classpath] C:\Users\Marcus Aurelius\Desktop\neo4j-community-3.5.30-windows\neo4j-community-3.5.30\lib\jetty-servlet-9.4.43.v20210629.jar
2022-02-05 14:12:26.759+0000 INFO [o.n.i.d.DiagnosticsManager]  [classpath] C:\Users\Marcus Aurelius\Desktop\neo4j-community-3.5.30-windows\neo4j-community-3.5.30\lib\neo4j-3.5.30.jar
2022-02-05 14:12:26.759+0000 INFO [o.n.i.d.DiagnosticsManager]  [classpath] C:\Users\Marcus Aurelius\Desktop\neo4j-community-3.5.30-windows\neo4j-community-3.5.30\lib\neo4j-annotation-processors-3.5.30.jar
2022-02-05 14:12:26.759+0000 INFO [o.n.i.d.DiagnosticsManager]  [classpath] C:\Users\Marcus Aurelius\Desktop\neo4j-community-3.5.30-windows\neo4j-community-3.5.30\lib\neo4j-udc-3.5.30.jar
2022-02-05 14:12:26.759+0000 INFO [o.n.i.d.DiagnosticsManager]  [classpath] C:\Users\Marcus Aurelius\Desktop\neo4j-community-3.5.30-windows\neo4j-community-3.5.30\lib\neo4j-security-3.5.30.jar
2022-02-05 14:12:26.759+0000 INFO [o.n.i.d.DiagnosticsManager]  [classpath] C:\Users\Marcus Aurelius\Desktop\neo4j-community-3.5.30-windows\neo4j-community-3.5.30\lib\zstd-jni-1.3.8-6.jar
2022-02-05 14:12:26.759+0000 INFO [o.n.i.d.DiagnosticsManager]  [classpath] C:\Users\Marcus Aurelius\Desktop\neo4j-community-3.5.30-windows\neo4j-community-3.5.30\lib\commons-configuration-1.10.jar
2022-02-05 14:12:26.760+0000 INFO [o.n.i.d.DiagnosticsManager]  [classpath] C:\Users\Marcus Aurelius\Desktop\neo4j-community-3.5.30-windows\neo4j-community-3.5.30\lib\jPowerShell-1.9.jar
2022-02-05 14:12:26.760+0000 INFO [o.n.i.d.DiagnosticsManager]  [classpath] C:\Users\Marcus Aurelius\Desktop\neo4j-community-3.5.30-windows\neo4j-community-3.5.30\lib\neo4j-jmx-3.5.30.jar
2022-02-05 14:12:26.760+0000 INFO [o.n.i.d.DiagnosticsManager]  [classpath] C:\Users\Marcus Aurelius\Desktop\neo4j-community-3.5.30-windows\neo4j-community-3.5.30\lib\neo4j-kernel-api-3.5.30.jar
2022-02-05 14:12:26.760+0000 INFO [o.n.i.d.DiagnosticsManager]  [classpath] C:\Users\Marcus Aurelius\Desktop\neo4j-community-3.5.30-windows\neo4j-community-3.5.30\lib\commons-io-2.6.jar
2022-02-05 14:12:26.760+0000 INFO [o.n.i.d.DiagnosticsManager]  [classpath] C:\Users\Marcus Aurelius\Desktop\neo4j-community-3.5.30-windows\neo4j-community-3.5.30\lib\opencsv-2.3.jar
2022-02-05 14:12:26.760+0000 INFO [o.n.i.d.DiagnosticsManager]  [classpath] C:\Users\Marcus Aurelius\Desktop\neo4j-community-3.5.30-windows\neo4j-community-3.5.30\lib\netty-all-4.1.68.Final.jar
2022-02-05 14:12:26.760+0000 INFO [o.n.i.d.DiagnosticsManager]  [classpath] C:\Users\Marcus Aurelius\Desktop\neo4j-community-3.5.30-windows\neo4j-community-3.5.30\lib\neo4j-codegen-3.5.30.jar
2022-02-05 14:12:26.760+0000 INFO [o.n.i.d.DiagnosticsManager]  [classpath] C:\Users\Marcus Aurelius\Desktop\neo4j-community-3.5.30-windows\neo4j-community-3.5.30\lib\jackson-databind-2.10.5.1.jar
2022-02-05 14:12:26.761+0000 INFO [o.n.i.d.DiagnosticsManager]  [classpath] C:\Users\Marcus Aurelius\Desktop\neo4j-community-3.5.30-windows\neo4j-community-3.5.30\lib\neo4j-cypher-3.5.30.jar
2022-02-05 14:12:26.761+0000 INFO [o.n.i.d.DiagnosticsManager]  [classpath] C:\Users\Marcus Aurelius\Desktop\neo4j-community-3.5.30-windows\neo4j-community-3.5.30\lib\neo4j-import-tool-3.5.30.jar
2022-02-05 14:12:26.761+0000 INFO [o.n.i.d.DiagnosticsManager]  [classpath] C:\Users\Marcus Aurelius\Desktop\neo4j-community-3.5.30-windows\neo4j-community-3.5.30\lib\neo4j-cypher-interpreted-runtime-3.5.30.jar
2022-02-05 14:12:26.761+0000 INFO [o.n.i.d.DiagnosticsManager]  [classpath] C:\Users\Marcus Aurelius\Desktop\neo4j-community-3.5.30-windows\neo4j-community-3.5.30\lib\jakarta.xml.bind-api-2.3.2.jar
2022-02-05 14:12:26.761+0000 INFO [o.n.i.d.DiagnosticsManager]  [classpath] C:\Users\Marcus Aurelius\Desktop\neo4j-community-3.5.30-windows\neo4j-community-3.5.30\lib\neo4j-dbms-3.5.30.jar
2022-02-05 14:12:26.761+0000 INFO [o.n.i.d.DiagnosticsManager]  [classpath] C:\Users\Marcus Aurelius\Desktop\neo4j-community-3.5.30-windows\neo4j-community-3.5.30\lib\jackson-core-2.10.5.jar
2022-02-05 14:12:26.763+0000 INFO [o.n.i.d.DiagnosticsManager]  [classpath] C:\Users\Marcus Aurelius\Desktop\neo4j-community-3.5.30-windows\neo4j-community-3.5.30\lib\lucene-analyzers-common-5.5.5.jar
2022-02-05 14:12:26.763+0000 INFO [o.n.i.d.DiagnosticsManager]  [classpath] C:\Users\Marcus Aurelius\Desktop\neo4j-community-3.5.30-windows\neo4j-community-3.5.30\lib\istack-commons-runtime-3.0.8.jar
2022-02-05 14:12:26.763+0000 INFO [o.n.i.d.DiagnosticsManager]  [classpath] C:\Users\Marcus Aurelius\Desktop\neo4j-community-3.5.30-windows\neo4j-community-3.5.30\lib\neo4j-legacy-3.5.30.jar
2022-02-05 14:12:26.763+0000 INFO [o.n.i.d.DiagnosticsManager]  [classpath] C:\Users\Marcus Aurelius\Desktop\neo4j-community-3.5.30-windows\neo4j-community-3.5.30\lib\neo4j-cypher-frontend-3.1-3.1.9.jar
2022-02-05 14:12:26.763+0000 INFO [o.n.i.d.DiagnosticsManager]  [classpath] C:\Users\Marcus Aurelius\Desktop\neo4j-community-3.5.30-windows\neo4j-community-3.5.30\lib\lucene-core-5.5.5.jar
2022-02-05 14:12:26.763+0000 INFO [o.n.i.d.DiagnosticsManager]  [classpath] C:\Users\Marcus Aurelius\Desktop\neo4j-community-3.5.30-windows\neo4j-community-3.5.30\lib\neo4j-graph-matching-3.1.9.jar
2022-02-05 14:12:26.763+0000 INFO [o.n.i.d.DiagnosticsManager]  [classpath] C:\Users\Marcus Aurelius\Desktop\neo4j-community-3.5.30-windows\neo4j-community-3.5.30\lib\jetty-security-9.4.43.v20210629.jar
2022-02-05 14:12:26.763+0000 INFO [o.n.i.d.DiagnosticsManager]  [classpath] C:\Users\Marcus Aurelius\Desktop\neo4j-community-3.5.30-windows\neo4j-community-3.5.30\lib\neo4j-kernel-3.5.30.jar
2022-02-05 14:12:26.764+0000 INFO [o.n.i.d.DiagnosticsManager]  [classpath] C:\Users\Marcus Aurelius\Desktop\neo4j-community-3.5.30-windows\neo4j-community-3.5.30\lib\neo4j-unsafe-3.5.30.jar
2022-02-05 14:12:26.764+0000 INFO [o.n.i.d.DiagnosticsManager]  [classpath] C:\Users\Marcus Aurelius\Desktop\neo4j-community-3.5.30-windows\neo4j-community-3.5.30\lib\jetty-server-9.4.43.v20210629.jar
2022-02-05 14:12:26.764+0000 INFO [o.n.i.d.DiagnosticsManager]  [classpath] C:\Users\Marcus Aurelius\Desktop\neo4j-community-3.5.30-windows\neo4j-community-3.5.30\lib\neo4j-fulltext-index-3.5.30.jar
2022-02-05 14:12:26.764+0000 INFO [o.n.i.d.DiagnosticsManager]  [classpath] C:\Users\Marcus Aurelius\Desktop\neo4j-community-3.5.30-windows\neo4j-community-3.5.30\lib\neo4j-values-3.5.30.jar
2022-02-05 14:12:26.764+0000 INFO [o.n.i.d.DiagnosticsManager]  [classpath] C:\Users\Marcus Aurelius\Desktop\neo4j-community-3.5.30-windows\neo4j-community-3.5.30\lib\WMI4Java-1.6.1.jar
2022-02-05 14:12:26.764+0000 INFO [o.n.i.d.DiagnosticsManager]  [classpath] C:\Users\Marcus Aurelius\Desktop\neo4j-community-3.5.30-windows\neo4j-community-3.5.30\lib\jersey-servlet-1.19.3.jar
2022-02-05 14:12:26.764+0000 INFO [o.n.i.d.DiagnosticsManager]  [classpath] C:\Users\Marcus Aurelius\Desktop\neo4j-community-3.5.30-windows\neo4j-community-3.5.30\lib\activation-1.1.1.jar
2022-02-05 14:12:26.764+0000 INFO [o.n.i.d.DiagnosticsManager]  [classpath] C:\Users\Marcus Aurelius\Desktop\neo4j-community-3.5.30-windows\neo4j-community-3.5.30\lib\neo4j-ssl-3.5.30.jar
2022-02-05 14:12:26.764+0000 INFO [o.n.i.d.DiagnosticsManager]  [classpath] C:\Users\Marcus Aurelius\Desktop\neo4j-community-3.5.30-windows\neo4j-community-3.5.30\lib\lucene-codecs-5.5.5.jar
2022-02-05 14:12:26.764+0000 INFO [o.n.i.d.DiagnosticsManager]  [classpath] C:\Users\Marcus Aurelius\Desktop\neo4j-community-3.5.30-windows\neo4j-community-3.5.30\lib\jaxb-runtime-2.3.2.jar
2022-02-05 14:12:26.764+0000 INFO [o.n.i.d.DiagnosticsManager]  [classpath] C:\Users\Marcus Aurelius\Desktop\neo4j-community-3.5.30-windows\neo4j-community-3.5.30\lib\neo4j-front-end-3.5-3.5.30.jar
2022-02-05 14:12:26.765+0000 INFO [o.n.i.d.DiagnosticsManager]  [classpath] C:\Users\Marcus Aurelius\Desktop\neo4j-community-3.5.30-windows\neo4j-community-3.5.30\lib\neo4j-index-3.5.30.jar
2022-02-05 14:12:26.765+0000 INFO [o.n.i.d.DiagnosticsManager]  [classpath] C:\Users\Marcus Aurelius\Desktop\neo4j-community-3.5.30-windows\neo4j-community-3.5.30\lib\bcpkix-jdk15on-1.68.jar
2022-02-05 14:12:26.765+0000 INFO [o.n.i.d.DiagnosticsManager]  [classpath] C:\Users\Marcus Aurelius\Desktop\neo4j-community-3.5.30-windows\neo4j-community-3.5.30\lib\neo4j-cypher-ir-3.5-3.5.30.jar
2022-02-05 14:12:26.765+0000 INFO [o.n.i.d.DiagnosticsManager]  [classpath] C:\Users\Marcus Aurelius\Desktop\neo4j-community-3.5.30-windows\neo4j-community-3.5.30\lib\neo4j-cypher-planner-spi-3.4-3.4.18.jar
2022-02-05 14:12:26.765+0000 INFO [o.n.i.d.DiagnosticsManager]  [classpath] C:\Users\Marcus Aurelius\Desktop\neo4j-community-3.5.30-windows\neo4j-community-3.5.30\lib\neo4j-cypher-compiler-3.1-3.1.9.jar
2022-02-05 14:12:26.765+0000 INFO [o.n.i.d.DiagnosticsManager]  [classpath] C:\Users\Marcus Aurelius\Desktop\neo4j-community-3.5.30-windows\neo4j-community-3.5.30\lib\neo4j-cypher-planner-3.5-3.5.30.jar
2022-02-05 14:12:26.765+0000 INFO [o.n.i.d.DiagnosticsManager]  [classpath] C:\Users\Marcus Aurelius\Desktop\neo4j-community-3.5.30-windows\neo4j-community-3.5.30\lib\neo4j-resource-3.5.30.jar
2022-02-05 14:12:26.765+0000 INFO [o.n.i.d.DiagnosticsManager]  [classpath] C:\Users\Marcus Aurelius\Desktop\neo4j-community-3.5.30-windows\neo4j-community-3.5.30\lib\neo4j-logging-3.5.30.jar
2022-02-05 14:12:26.765+0000 INFO [o.n.i.d.DiagnosticsManager]  [classpath] C:\Users\Marcus Aurelius\Desktop\neo4j-community-3.5.30-windows\neo4j-community-3.5.30\lib\neo4j-push-to-cloud-3.5.30.jar
2022-02-05 14:12:26.765+0000 INFO [o.n.i.d.DiagnosticsManager]  [classpath] C:\Users\Marcus Aurelius\Desktop\neo4j-community-3.5.30-windows\neo4j-community-3.5.30\lib\jersey-core-1.19.3.jar
2022-02-05 14:12:26.765+0000 INFO [o.n.i.d.DiagnosticsManager]  [classpath] C:\Users\Marcus Aurelius\Desktop\neo4j-community-3.5.30-windows\neo4j-community-3.5.30\lib\neo4j-data-collector-3.5.30.jar
2022-02-05 14:12:26.765+0000 INFO [o.n.i.d.DiagnosticsManager]  [classpath] C:\Users\Marcus Aurelius\Desktop\neo4j-community-3.5.30-windows\neo4j-community-3.5.30\lib\neo4j-util-3.5-3.5.30.jar
2022-02-05 14:12:26.765+0000 INFO [o.n.i.d.DiagnosticsManager]  [classpath] C:\Users\Marcus Aurelius\Desktop\neo4j-community-3.5.30-windows\neo4j-community-3.5.30\lib\neo4j-concurrent-3.5.30.jar
2022-02-05 14:12:26.765+0000 INFO [o.n.i.d.DiagnosticsManager]  [classpath] C:\Users\Marcus Aurelius\Desktop\neo4j-community-3.5.30-windows\neo4j-community-3.5.30\lib\jackson-jaxrs-json-provider-2.10.5.jar
2022-02-05 14:12:26.765+0000 INFO [o.n.i.d.DiagnosticsManager]  [classpath] C:\Users\Marcus Aurelius\Desktop\neo4j-community-3.5.30-windows\neo4j-community-3.5.30\lib\commons-lang-2.6.jar
2022-02-05 14:12:26.765+0000 INFO [o.n.i.d.DiagnosticsManager]  [classpath] C:\Users\Marcus Aurelius\Desktop\neo4j-community-3.5.30-windows\neo4j-community-3.5.30\lib\jackson-annotations-2.10.5.jar
2022-02-05 14:12:26.766+0000 INFO [o.n.i.d.DiagnosticsManager]  [classpath] C:\Users\Marcus Aurelius\Desktop\neo4j-community-3.5.30-windows\neo4j-community-3.5.30\lib\neo4j-collections-3.5.30.jar
2022-02-05 14:12:26.766+0000 INFO [o.n.i.d.DiagnosticsManager]  [classpath] C:\Users\Marcus Aurelius\Desktop\neo4j-community-3.5.30-windows\neo4j-community-3.5.30\lib\jetty-util-9.4.43.v20210629.jar
2022-02-05 14:12:26.766+0000 INFO [o.n.i.d.DiagnosticsManager]  [classpath] C:\Users\Marcus Aurelius\Desktop\neo4j-community-3.5.30-windows\neo4j-community-3.5.30\lib\neo4j-cypher-frontend-2.3-2.3.12.jar
2022-02-05 14:12:26.766+0000 INFO [o.n.i.d.DiagnosticsManager]  [classpath] C:\Users\Marcus Aurelius\Desktop\neo4j-community-3.5.30-windows\neo4j-community-3.5.30\lib\eclipse-collections-api-9.2.0.jar
2022-02-05 14:12:26.766+0000 INFO [o.n.i.d.DiagnosticsManager]  [classpath] C:\Users\Marcus Aurelius\Desktop\neo4j-community-3.5.30-windows\neo4j-community-3.5.30\lib\neo4j-graph-algo-3.5.30.jar
2022-02-05 14:12:26.766+0000 INFO [o.n.i.d.DiagnosticsManager]  [classpath] C:\Users\Marcus Aurelius\Desktop\neo4j-community-3.5.30-windows\neo4j-community-3.5.30\lib\neo4j-cypher-planner-spi-3.5-3.5.30.jar
2022-02-05 14:12:26.766+0000 INFO [o.n.i.d.DiagnosticsManager]  [classpath] C:\Users\Marcus Aurelius\Desktop\neo4j-community-3.5.30-windows\neo4j-community-3.5.30\lib\neo4j-cypher-expression-evaluator-3.5.30.jar
2022-02-05 14:12:26.766+0000 INFO [o.n.i.d.DiagnosticsManager]  [classpath] C:\Users\Marcus Aurelius\Desktop\neo4j-community-3.5.30-windows\neo4j-community-3.5.30\lib\server-api-3.5.30.jar
2022-02-05 14:12:26.767+0000 INFO [o.n.i.d.DiagnosticsManager]  [classpath] C:\Users\Marcus Aurelius\Desktop\neo4j-community-3.5.30-windows\neo4j-community-3.5.30\lib\neo4j-cypher-expression-3.4-3.4.18.jar
2022-02-05 14:12:26.767+0000 INFO [o.n.i.d.DiagnosticsManager]  [classpath] C:\Users\Marcus Aurelius\Desktop\neo4j-community-3.5.30-windows\neo4j-community-3.5.30\lib\bcprov-jdk15on-1.68.jar
2022-02-05 14:12:26.767+0000 INFO [o.n.i.d.DiagnosticsManager]  [classpath] C:\Users\Marcus Aurelius\Desktop\neo4j-community-3.5.30-windows\neo4j-community-3.5.30\lib\neo4j-cypher-planner-3.4-3.4.18.jar
2022-02-05 14:12:26.767+0000 INFO [o.n.i.d.DiagnosticsManager]  [classpath] C:\Users\Marcus Aurelius\Desktop\neo4j-community-3.5.30-windows\neo4j-community-3.5.30\lib\stax-ex-1.8.1.jar
2022-02-05 14:12:26.767+0000 INFO [o.n.i.d.DiagnosticsManager]  [classpath] C:\Users\Marcus Aurelius\Desktop\neo4j-community-3.5.30-windows\neo4j-community-3.5.30\lib\jetty-webapp-9.4.43.v20210629.jar
2022-02-05 14:12:26.767+0000 INFO [o.n.i.d.DiagnosticsManager]  [classpath] C:\Users\Marcus Aurelius\Desktop\neo4j-community-3.5.30-windows\neo4j-community-3.5.30\lib\jetty-http-9.4.43.v20210629.jar
2022-02-05 14:12:26.767+0000 INFO [o.n.i.d.DiagnosticsManager]  [classpath] C:\Users\Marcus Aurelius\Desktop\neo4j-community-3.5.30-windows\neo4j-community-3.5.30\lib\concurrentlinkedhashmap-lru-1.4.2.jar
2022-02-05 14:12:26.767+0000 INFO [o.n.i.d.DiagnosticsManager]  [classpath] C:\Users\Marcus Aurelius\Desktop\neo4j-community-3.5.30-windows\neo4j-community-3.5.30\lib\neo4j-expressions-3.5-3.5.30.jar
2022-02-05 14:12:26.767+0000 INFO [o.n.i.d.DiagnosticsManager]  [classpath] C:\Users\Marcus Aurelius\Desktop\neo4j-community-3.5.30-windows\neo4j-community-3.5.30\lib\neo4j-lucene-upgrade-3.5.30.jar
2022-02-05 14:12:26.767+0000 INFO [o.n.i.d.DiagnosticsManager]  [classpath] C:\Users\Marcus Aurelius\Desktop\neo4j-community-3.5.30-windows\neo4j-community-3.5.30\lib\jsr311-api-1.1.1.jar
2022-02-05 14:12:26.768+0000 INFO [o.n.i.d.DiagnosticsManager]  [classpath] C:\Users\Marcus Aurelius\Desktop\neo4j-community-3.5.30-windows\neo4j-community-3.5.30\lib\neo4j-server-3.5.30.jar
2022-02-05 14:12:26.768+0000 INFO [o.n.i.d.DiagnosticsManager]  [classpath] C:\Users\Marcus Aurelius\Desktop\neo4j-community-3.5.30-windows\neo4j-community-3.5.30\lib\FastInfoset-1.2.16.jar
2022-02-05 14:12:26.768+0000 INFO [o.n.i.d.DiagnosticsManager]  [classpath] C:\Users\Marcus Aurelius\Desktop\neo4j-community-3.5.30-windows\neo4j-community-3.5.30\lib\parboiled-scala_2.11-1.1.7.jar
2022-02-05 14:12:26.768+0000 INFO [o.n.i.d.DiagnosticsManager]  [classpath] C:\Users\Marcus Aurelius\Desktop\neo4j-community-3.5.30-windows\neo4j-community-3.5.30\lib\neo4j-bolt-3.5.30.jar
2022-02-05 14:12:26.768+0000 INFO [o.n.i.d.DiagnosticsManager] Library path:
2022-02-05 14:12:26.769+0000 INFO [o.n.i.d.DiagnosticsManager] C:\Program Files\Microsoft\jdk-11.0.13.8-hotspot\bin
2022-02-05 14:12:26.770+0000 INFO [o.n.i.d.DiagnosticsManager] C:\Windows\Sun\Java\bin
2022-02-05 14:12:26.770+0000 INFO [o.n.i.d.DiagnosticsManager] C:\Windows\System32
2022-02-05 14:12:26.770+0000 INFO [o.n.i.d.DiagnosticsManager] C:\Windows
2022-02-05 14:12:26.770+0000 INFO [o.n.i.d.DiagnosticsManager] C:\Program Files\Microsoft\jdk-11.0.13.8-hotspot\bin
2022-02-05 14:12:26.772+0000 INFO [o.n.i.d.DiagnosticsManager] C:\Program Files\Common Files\Oracle\Java\javapath
2022-02-05 14:12:26.774+0000 INFO [o.n.i.d.DiagnosticsManager] C:\Program Files (x86)\Common Files\Oracle\Java\javapath
2022-02-05 14:12:26.775+0000 INFO [o.n.i.d.DiagnosticsManager] C:\Program Files\Eclipse Adoptium\jdk-8.0.312.7-hotspot\bin
2022-02-05 14:12:26.775+0000 INFO [o.n.i.d.DiagnosticsManager] C:\Python27
2022-02-05 14:12:26.776+0000 INFO [o.n.i.d.DiagnosticsManager] C:\Python27\Scripts
2022-02-05 14:12:26.776+0000 INFO [o.n.i.d.DiagnosticsManager] C:\Windows\System32
2022-02-05 14:12:26.776+0000 INFO [o.n.i.d.DiagnosticsManager] C:\Windows
2022-02-05 14:12:26.777+0000 INFO [o.n.i.d.DiagnosticsManager] C:\Windows\System32\wbem
2022-02-05 14:12:26.777+0000 INFO [o.n.i.d.DiagnosticsManager] C:\Windows\System32\WindowsPowerShell\v1.0
2022-02-05 14:12:26.780+0000 INFO [o.n.i.d.DiagnosticsManager] C:\Program Files\Microsoft SQL Server\150\Tools\Binn
2022-02-05 14:12:26.781+0000 INFO [o.n.i.d.DiagnosticsManager] C:\Program Files\Microsoft SQL Server\Client SDK\ODBC\170\Tools\Binn
2022-02-05 14:12:26.782+0000 INFO [o.n.i.d.DiagnosticsManager] C:\Cassandra\apache-cassandra-3.11.11\bin
2022-02-05 14:12:26.782+0000 INFO [o.n.i.d.DiagnosticsManager] C:\Program Files\Git\cmd
2022-02-05 14:12:26.782+0000 INFO [o.n.i.d.DiagnosticsManager] C:\Program Files\nodejs
2022-02-05 14:12:26.783+0000 INFO [o.n.i.d.DiagnosticsManager] C:\Program Files\Java\jdk-11.0.14
2022-02-05 14:12:26.784+0000 INFO [o.n.i.d.DiagnosticsManager] C:\Users\Marcus Aurelius\AppData\Local\Programs\Python\Python310\Scripts
2022-02-05 14:12:26.785+0000 INFO [o.n.i.d.DiagnosticsManager] C:\Users\Marcus Aurelius\AppData\Local\Programs\Python\Python310
2022-02-05 14:12:26.786+0000 INFO [o.n.i.d.DiagnosticsManager] C:\Users\Marcus Aurelius\AppData\Local\Microsoft\WindowsApps
2022-02-05 14:12:26.786+0000 INFO [o.n.i.d.DiagnosticsManager] C:\Users\Marcus Aurelius\Desktop\neo4j-community-3.5.30-windows\neo4j-community-3.5.30
2022-02-05 14:12:26.787+0000 INFO [o.n.i.d.DiagnosticsManager] C:\Users\Marcus Aurelius\.dotnet\tools
2022-02-05 14:12:26.787+0000 INFO [o.n.i.d.DiagnosticsManager] C:\Users\Marcus Aurelius\AppData\Local\Programs\Microsoft VS Code\bin
2022-02-05 14:12:26.788+0000 INFO [o.n.i.d.DiagnosticsManager] C:\Users\Marcus Aurelius\AppData\Roaming\npm
2022-02-05 14:12:26.788+0000 INFO [o.n.i.d.DiagnosticsManager] C:\Users\Marcus Aurelius\Desktop\neo4j-community-3.5.30-windows\neo4j-community-3.5.30
2022-02-05 14:12:26.789+0000 INFO [o.n.i.d.DiagnosticsManager] System.properties:
2022-02-05 14:12:26.789+0000 INFO [o.n.i.d.DiagnosticsManager] sun.desktop = windows
2022-02-05 14:12:26.789+0000 INFO [o.n.i.d.DiagnosticsManager] awt.toolkit = sun.awt.windows.WToolkit
2022-02-05 14:12:26.789+0000 INFO [o.n.i.d.DiagnosticsManager] log4j.configuration = file:conf/log4j.properties
2022-02-05 14:12:26.789+0000 INFO [o.n.i.d.DiagnosticsManager] jdk.tls.rejectClientInitiatedRenegotiation = true
2022-02-05 14:12:26.789+0000 INFO [o.n.i.d.DiagnosticsManager] sun.cpu.isalist = amd64
2022-02-05 14:12:26.789+0000 INFO [o.n.i.d.DiagnosticsManager] sun.jnu.encoding = Cp1252
2022-02-05 14:12:26.790+0000 INFO [o.n.i.d.DiagnosticsManager] neo4j.ext.udc.source = zip-powershell
2022-02-05 14:12:26.790+0000 INFO [o.n.i.d.DiagnosticsManager] sun.arch.data.model = 64
2022-02-05 14:12:26.790+0000 INFO [o.n.i.d.DiagnosticsManager] user.variant = 
2022-02-05 14:12:26.790+0000 INFO [o.n.i.d.DiagnosticsManager] user.timezone = Europe/Prague
2022-02-05 14:12:26.790+0000 INFO [o.n.i.d.DiagnosticsManager] sun.java.launcher = SUN_STANDARD
2022-02-05 14:12:26.790+0000 INFO [o.n.i.d.DiagnosticsManager] user.country = US
2022-02-05 14:12:26.790+0000 INFO [o.n.i.d.DiagnosticsManager] sun.boot.library.path = C:\Program Files\Microsoft\jdk-11.0.13.8-hotspot\bin
2022-02-05 14:12:26.790+0000 INFO [o.n.i.d.DiagnosticsManager] sun.java.command = org.neo4j.server.CommunityEntryPoint --config-dir=C:\Users\Marcus Aurelius\Desktop\neo4j-community-3.5.30-windows\neo4j-community-3.5.30\conf --home-dir=C:\Users\Marcus Aurelius\Desktop\neo4j-community-3.5.30-windows\neo4j-community-3.5.30
2022-02-05 14:12:26.790+0000 INFO [o.n.i.d.DiagnosticsManager] jdk.debug = release
2022-02-05 14:12:26.790+0000 INFO [o.n.i.d.DiagnosticsManager] sun.cpu.endian = little
2022-02-05 14:12:26.790+0000 INFO [o.n.i.d.DiagnosticsManager] user.home = C:\Users\Marcus Aurelius
2022-02-05 14:12:26.790+0000 INFO [o.n.i.d.DiagnosticsManager] user.language = en
2022-02-05 14:12:26.790+0000 INFO [o.n.i.d.DiagnosticsManager] sun.stderr.encoding = cp437
2022-02-05 14:12:26.790+0000 INFO [o.n.i.d.DiagnosticsManager] file.separator = \
2022-02-05 14:12:26.790+0000 INFO [o.n.i.d.DiagnosticsManager] sun.stdout.encoding = cp437
2022-02-05 14:12:26.790+0000 INFO [o.n.i.d.DiagnosticsManager] unsupported.dbms.udc.source = zip
2022-02-05 14:12:26.791+0000 INFO [o.n.i.d.DiagnosticsManager] jdk.tls.ephemeralDHKeySize = 2048
2022-02-05 14:12:26.791+0000 INFO [o.n.i.d.DiagnosticsManager] user.script = 
2022-02-05 14:12:26.791+0000 INFO [o.n.i.d.DiagnosticsManager] sun.management.compiler = HotSpot 64-Bit Tiered Compilers
2022-02-05 14:12:26.791+0000 INFO [o.n.i.d.DiagnosticsManager] user.name = Marcus Aurelius
2022-02-05 14:12:26.791+0000 INFO [o.n.i.d.DiagnosticsManager] path.separator = ;
2022-02-05 14:12:26.791+0000 INFO [o.n.i.d.DiagnosticsManager] file.encoding = UTF-8
2022-02-05 14:12:26.791+0000 INFO [o.n.i.d.DiagnosticsManager] org.neo4j.cluster.logdirectory = data/log
2022-02-05 14:12:26.791+0000 INFO [o.n.i.d.DiagnosticsManager] user.dir = C:\Users\Marcus Aurelius\Desktop\neo4j-community-3.5.30-windows\neo4j-community-3.5.30
2022-02-05 14:12:26.791+0000 INFO [o.n.i.d.DiagnosticsManager] sun.os.patch.level = 
2022-02-05 14:12:26.791+0000 INFO [o.n.i.d.DiagnosticsManager] sun.io.unicode.encoding = UnicodeLittle
2022-02-05 14:12:26.791+0000 INFO [o.n.i.d.DiagnosticsManager] (IANA) TimeZone Database Version:
2022-02-05 14:12:26.848+0000 INFO [o.n.i.d.DiagnosticsManager]   TimeZone version: 2021a (available for 600 zone identifiers)
2022-02-05 14:12:26.848+0000 INFO [o.n.i.d.DiagnosticsManager] Network information:
2022-02-05 14:12:26.913+0000 INFO [o.n.i.d.DiagnosticsManager] Interface Software Loopback Interface 1:
2022-02-05 14:12:26.913+0000 INFO [o.n.i.d.DiagnosticsManager]     address: 127.0.0.1
2022-02-05 14:12:26.914+0000 INFO [o.n.i.d.DiagnosticsManager]     address: 0:0:0:0:0:0:0:1
2022-02-05 14:12:26.914+0000 INFO [o.n.i.d.DiagnosticsManager] Interface Microsoft Kernel Debug Network Adapter:
2022-02-05 14:12:26.914+0000 INFO [o.n.i.d.DiagnosticsManager] Interface Microsoft Wi-Fi Direct Virtual Adapter:
2022-02-05 14:12:26.914+0000 INFO [o.n.i.d.DiagnosticsManager]     address: fe80:0:0:0:55cf:8955:c059:d4b2%wlan0
2022-02-05 14:12:26.914+0000 INFO [o.n.i.d.DiagnosticsManager] Interface WAN Miniport (PPPOE):
2022-02-05 14:12:26.915+0000 INFO [o.n.i.d.DiagnosticsManager] Interface WAN Miniport (Network Monitor):
2022-02-05 14:12:26.915+0000 INFO [o.n.i.d.DiagnosticsManager] Interface WAN Miniport (PPTP):
2022-02-05 14:12:26.915+0000 INFO [o.n.i.d.DiagnosticsManager] Interface WAN Miniport (IPv6):
2022-02-05 14:12:26.915+0000 INFO [o.n.i.d.DiagnosticsManager] Interface Microsoft ISATAP Adapter #2:
2022-02-05 14:12:26.915+0000 INFO [o.n.i.d.DiagnosticsManager]     address: fe80:0:0:0:0:5efe:c0a8:11%net1
2022-02-05 14:12:26.915+0000 INFO [o.n.i.d.DiagnosticsManager] Interface WAN Miniport (IP):
2022-02-05 14:12:26.915+0000 INFO [o.n.i.d.DiagnosticsManager] Interface WAN Miniport (IKEv2):
2022-02-05 14:12:26.915+0000 INFO [o.n.i.d.DiagnosticsManager] Interface WAN Miniport (SSTP):
2022-02-05 14:12:26.915+0000 INFO [o.n.i.d.DiagnosticsManager] Interface Realtek PCIe GBE Family Controller:
2022-02-05 14:12:26.915+0000 INFO [o.n.i.d.DiagnosticsManager]     address: fe80:0:0:0:b082:5e75:7323:aaa1%eth4
2022-02-05 14:12:26.915+0000 INFO [o.n.i.d.DiagnosticsManager] Interface 802.11n USB Wireless LAN Card:
2022-02-05 14:12:26.915+0000 INFO [o.n.i.d.DiagnosticsManager]     address: 192.168.0.17
2022-02-05 14:12:26.916+0000 INFO [o.n.i.d.DiagnosticsManager]     address: fe80:0:0:0:49d4:746e:7843:367e%wlan1
2022-02-05 14:12:26.916+0000 INFO [o.n.i.d.DiagnosticsManager] Interface Teredo Tunneling Pseudo-Interface:
2022-02-05 14:12:26.916+0000 INFO [o.n.i.d.DiagnosticsManager]     address: 2001:0:2851:782c:283a:9f86:a88b:5e4e
2022-02-05 14:12:26.916+0000 INFO [o.n.i.d.DiagnosticsManager]     address: fe80:0:0:0:283a:9f86:a88b:5e4e%net4
2022-02-05 14:12:26.916+0000 INFO [o.n.i.d.DiagnosticsManager] Interface WAN Miniport (L2TP):
2022-02-05 14:12:26.916+0000 INFO [o.n.i.d.DiagnosticsManager] Interface Realtek PCIe GBE Family Controller-WFP Native MAC Layer LightWeight Filter-0000:
2022-02-05 14:12:26.916+0000 INFO [o.n.i.d.DiagnosticsManager] Interface Realtek PCIe GBE Family Controller-QoS Packet Scheduler-0000:
2022-02-05 14:12:26.916+0000 INFO [o.n.i.d.DiagnosticsManager] Interface Realtek PCIe GBE Family Controller-WFP 802.3 MAC Layer LightWeight Filter-0000:
2022-02-05 14:12:26.916+0000 INFO [o.n.i.d.DiagnosticsManager] Interface 802.11n USB Wireless LAN Card-WFP Native MAC Layer LightWeight Filter-0000:
2022-02-05 14:12:26.916+0000 INFO [o.n.i.d.DiagnosticsManager] Interface 802.11n USB Wireless LAN Card-Virtual WiFi Filter Driver-0000:
2022-02-05 14:12:26.916+0000 INFO [o.n.i.d.DiagnosticsManager] Interface 802.11n USB Wireless LAN Card-Native WiFi Filter Driver-0000:
2022-02-05 14:12:26.916+0000 INFO [o.n.i.d.DiagnosticsManager] Interface 802.11n USB Wireless LAN Card-QoS Packet Scheduler-0000:
2022-02-05 14:12:26.916+0000 INFO [o.n.i.d.DiagnosticsManager] Interface 802.11n USB Wireless LAN Card-WFP 802.3 MAC Layer LightWeight Filter-0000:
2022-02-05 14:12:26.917+0000 INFO [o.n.i.d.DiagnosticsManager] Interface Microsoft Wi-Fi Direct Virtual Adapter-WFP Native MAC Layer LightWeight Filter-0000:
2022-02-05 14:12:26.917+0000 INFO [o.n.i.d.DiagnosticsManager] Interface Microsoft Wi-Fi Direct Virtual Adapter-Native WiFi Filter Driver-0000:
2022-02-05 14:12:26.917+0000 INFO [o.n.i.d.DiagnosticsManager] Interface Microsoft Wi-Fi Direct Virtual Adapter-QoS Packet Scheduler-0000:
2022-02-05 14:12:26.917+0000 INFO [o.n.i.d.DiagnosticsManager] Interface Microsoft Wi-Fi Direct Virtual Adapter-WFP 802.3 MAC Layer LightWeight Filter-0000:
2022-02-05 14:12:26.917+0000 INFO [o.n.i.d.DiagnosticsManager] --- INITIALIZED diagnostics END ---
2022-02-05 14:12:27.344+0000 INFO [o.n.k.i.s.f.RecordFormatSelector] Selected format 'RecordFormat:StandardV3_4[v0.A.9]' for the new store
2022-02-05 14:12:28.527+0000 INFO [o.n.k.i.i.l.NativeLabelScanStore] No label index found, this might just be first use. Preparing to rebuild.
2022-02-05 14:12:28.592+0000 INFO [o.n.k.NeoStoreDataSource] Rotated to transaction log [C:\Users\Marcus Aurelius\Desktop\neo4j-community-3.5.30-windows\neo4j-community-3.5.30\data\databases\graph.db\neostore.transaction.db.0] version=0, last transaction in previous log=1
2022-02-05 14:12:28.593+0000 INFO [o.n.k.NeoStoreDataSource] No commits found after last check point (which is at <no log position given>)
2022-02-05 14:12:28.607+0000 WARN [o.n.k.i.s.MetaDataStore] Missing counts store, rebuilding it.
2022-02-05 14:12:28.617+0000 WARN [o.n.k.i.s.MetaDataStore] Counts store rebuild completed.
2022-02-05 14:12:28.667+0000 INFO [o.n.k.i.i.l.NativeLabelScanStore] Rebuilding label index, this may take a while
2022-02-05 14:12:28.705+0000 INFO [o.n.k.i.i.l.NativeLabelScanStore] Label index rebuilt (roughly 0 nodes)
2022-02-05 14:12:28.716+0000 INFO [o.n.i.d.DiagnosticsManager] --- STARTED diagnostics for KernelDiagnostics:Versions START ---
2022-02-05 14:12:28.717+0000 INFO [o.n.i.d.DiagnosticsManager] Graph Database: community single StoreId{creationTime=1644070347799, randomId=286701368156971348, storeVersion=16094931155187206, upgradeTime=1644070347799, upgradeId=1}
2022-02-05 14:12:28.717+0000 INFO [o.n.i.d.DiagnosticsManager] Kernel version: 3.5.30,198d21d5ae752c3ce8517654d03025cb16ce3c61
2022-02-05 14:12:28.717+0000 INFO [o.n.i.d.DiagnosticsManager] --- STARTED diagnostics for KernelDiagnostics:Versions END ---
2022-02-05 14:12:28.720+0000 INFO [o.n.i.d.DiagnosticsManager] --- STARTED diagnostics for NEO_STORE_VERSIONS START ---
2022-02-05 14:12:28.721+0000 INFO [o.n.i.d.DiagnosticsManager] Store versions:
2022-02-05 14:12:28.722+0000 INFO [o.n.i.d.DiagnosticsManager]   ArrayPropertyStore[neostore.nodestore.db.labels] v0.A.9
2022-02-05 14:12:28.722+0000 INFO [o.n.i.d.DiagnosticsManager]   NodeStore[neostore.nodestore.db] v0.A.9
2022-02-05 14:12:28.723+0000 INFO [o.n.i.d.DiagnosticsManager]   StringPropertyStore[neostore.propertystore.db.index.keys] v0.A.9
2022-02-05 14:12:28.723+0000 INFO [o.n.i.d.DiagnosticsManager]   PropertyIndexStore[neostore.propertystore.db.index] v0.A.9
2022-02-05 14:12:28.723+0000 INFO [o.n.i.d.DiagnosticsManager]   StringPropertyStore[neostore.propertystore.db.strings] v0.A.9
2022-02-05 14:12:28.724+0000 INFO [o.n.i.d.DiagnosticsManager]   ArrayPropertyStore[neostore.propertystore.db.arrays] v0.A.9
2022-02-05 14:12:28.724+0000 INFO [o.n.i.d.DiagnosticsManager]   PropertyStore[neostore.propertystore.db] v0.A.9
2022-02-05 14:12:28.724+0000 INFO [o.n.i.d.DiagnosticsManager]   RelationshipStore[neostore.relationshipstore.db] v0.A.9
2022-02-05 14:12:28.724+0000 INFO [o.n.i.d.DiagnosticsManager]   StringPropertyStore[neostore.relationshiptypestore.db.names] v0.A.9
2022-02-05 14:12:28.725+0000 INFO [o.n.i.d.DiagnosticsManager]   RelationshipTypeStore[neostore.relationshiptypestore.db] v0.A.9
2022-02-05 14:12:28.725+0000 INFO [o.n.i.d.DiagnosticsManager]   StringPropertyStore[neostore.labeltokenstore.db.names] v0.A.9
2022-02-05 14:12:28.725+0000 INFO [o.n.i.d.DiagnosticsManager]   LabelTokenStore[neostore.labeltokenstore.db] v0.A.9
2022-02-05 14:12:28.725+0000 INFO [o.n.i.d.DiagnosticsManager]   SchemaStore[neostore.schemastore.db] v0.A.9
2022-02-05 14:12:28.726+0000 INFO [o.n.i.d.DiagnosticsManager]   RelationshipGroupStore[neostore.relationshipgroupstore.db] v0.A.9
2022-02-05 14:12:28.726+0000 INFO [o.n.i.d.DiagnosticsManager]   NeoStore[neostore] v0.A.9
2022-02-05 14:12:28.726+0000 INFO [o.n.i.d.DiagnosticsManager] --- STARTED diagnostics for NEO_STORE_VERSIONS END ---
2022-02-05 14:12:28.727+0000 INFO [o.n.i.d.DiagnosticsManager] --- STARTED diagnostics for NEO_STORE_ID_USAGE START ---
2022-02-05 14:12:28.727+0000 INFO [o.n.i.d.DiagnosticsManager] Id usage:
2022-02-05 14:12:28.728+0000 INFO [o.n.i.d.DiagnosticsManager]   ArrayPropertyStore[neostore.nodestore.db.labels]: used=1 high=0
2022-02-05 14:12:28.730+0000 INFO [o.n.i.d.DiagnosticsManager]   NodeStore[neostore.nodestore.db]: used=0 high=-1
2022-02-05 14:12:28.730+0000 INFO [o.n.i.d.DiagnosticsManager]   StringPropertyStore[neostore.propertystore.db.index.keys]: used=1 high=0
2022-02-05 14:12:28.730+0000 INFO [o.n.i.d.DiagnosticsManager]   PropertyIndexStore[neostore.propertystore.db.index]: used=0 high=-1
2022-02-05 14:12:28.730+0000 INFO [o.n.i.d.DiagnosticsManager]   StringPropertyStore[neostore.propertystore.db.strings]: used=1 high=0
2022-02-05 14:12:28.731+0000 INFO [o.n.i.d.DiagnosticsManager]   ArrayPropertyStore[neostore.propertystore.db.arrays]: used=1 high=0
2022-02-05 14:12:28.731+0000 INFO [o.n.i.d.DiagnosticsManager]   PropertyStore[neostore.propertystore.db]: used=0 high=-1
2022-02-05 14:12:28.732+0000 INFO [o.n.i.d.DiagnosticsManager]   RelationshipStore[neostore.relationshipstore.db]: used=0 high=-1
2022-02-05 14:12:28.732+0000 INFO [o.n.i.d.DiagnosticsManager]   StringPropertyStore[neostore.relationshiptypestore.db.names]: used=1 high=0
2022-02-05 14:12:28.732+0000 INFO [o.n.i.d.DiagnosticsManager]   RelationshipTypeStore[neostore.relationshiptypestore.db]: used=0 high=-1
2022-02-05 14:12:28.733+0000 INFO [o.n.i.d.DiagnosticsManager]   StringPropertyStore[neostore.labeltokenstore.db.names]: used=1 high=0
2022-02-05 14:12:28.733+0000 INFO [o.n.i.d.DiagnosticsManager]   LabelTokenStore[neostore.labeltokenstore.db]: used=0 high=-1
2022-02-05 14:12:28.733+0000 INFO [o.n.i.d.DiagnosticsManager]   SchemaStore[neostore.schemastore.db]: used=1 high=0
2022-02-05 14:12:28.734+0000 INFO [o.n.i.d.DiagnosticsManager]   RelationshipGroupStore[neostore.relationshipgroupstore.db]: used=1 high=0
2022-02-05 14:12:28.734+0000 INFO [o.n.i.d.DiagnosticsManager]   NeoStore[neostore]: used=15 high=14
2022-02-05 14:12:28.734+0000 INFO [o.n.i.d.DiagnosticsManager] --- STARTED diagnostics for NEO_STORE_ID_USAGE END ---
2022-02-05 14:12:28.735+0000 INFO [o.n.i.d.DiagnosticsManager] --- STARTED diagnostics for NEO_STORE_RECORDS START ---
2022-02-05 14:12:28.735+0000 INFO [o.n.i.d.DiagnosticsManager] Neostore records:
2022-02-05 14:12:28.736+0000 INFO [o.n.i.d.DiagnosticsManager] TIME (Creation time): 1644070347799
2022-02-05 14:12:28.737+0000 INFO [o.n.i.d.DiagnosticsManager] RANDOM_NUMBER (Random number for store id): 286701368156971348
2022-02-05 14:12:28.737+0000 INFO [o.n.i.d.DiagnosticsManager] LOG_VERSION (Current log version): 0
2022-02-05 14:12:28.737+0000 INFO [o.n.i.d.DiagnosticsManager] LAST_TRANSACTION_ID (Last committed transaction): 1
2022-02-05 14:12:28.738+0000 INFO [o.n.i.d.DiagnosticsManager] STORE_VERSION (Store format version): 16094931155187206
2022-02-05 14:12:28.738+0000 INFO [o.n.i.d.DiagnosticsManager] FIRST_GRAPH_PROPERTY (First property record containing graph properties): -1
2022-02-05 14:12:28.738+0000 INFO [o.n.i.d.DiagnosticsManager] LAST_CONSTRAINT_TRANSACTION (Last committed transaction containing constraint changes): 0
2022-02-05 14:12:28.739+0000 INFO [o.n.i.d.DiagnosticsManager] UPGRADE_TRANSACTION_ID (Transaction id most recent upgrade was performed at): 1
2022-02-05 14:12:28.739+0000 INFO [o.n.i.d.DiagnosticsManager] UPGRADE_TIME (Time of last upgrade): 1644070347799
2022-02-05 14:12:28.739+0000 INFO [o.n.i.d.DiagnosticsManager] LAST_TRANSACTION_CHECKSUM (Checksum of last committed transaction): 0
2022-02-05 14:12:28.740+0000 INFO [o.n.i.d.DiagnosticsManager] UPGRADE_TRANSACTION_CHECKSUM (Checksum of transaction id the most recent upgrade was performed at): 0
2022-02-05 14:12:28.740+0000 INFO [o.n.i.d.DiagnosticsManager] LAST_CLOSED_TRANSACTION_LOG_VERSION (Log version where the last transaction commit entry has been written into): 0
2022-02-05 14:12:28.740+0000 INFO [o.n.i.d.DiagnosticsManager] LAST_CLOSED_TRANSACTION_LOG_BYTE_OFFSET (Byte offset in the log file where the last transaction commit entry has been written into): 16
2022-02-05 14:12:28.740+0000 INFO [o.n.i.d.DiagnosticsManager] LAST_TRANSACTION_COMMIT_TIMESTAMP (Commit time timestamp for last committed transaction): 0
2022-02-05 14:12:28.741+0000 INFO [o.n.i.d.DiagnosticsManager] UPGRADE_TRANSACTION_COMMIT_TIMESTAMP (Commit timestamp of transaction the most recent upgrade was performed at): 0
2022-02-05 14:12:28.741+0000 INFO [o.n.i.d.DiagnosticsManager] --- STARTED diagnostics for NEO_STORE_RECORDS END ---
2022-02-05 14:12:28.744+0000 INFO [o.n.i.d.DiagnosticsManager] --- STARTED diagnostics for TRANSACTION_RANGE START ---
2022-02-05 14:12:28.747+0000 INFO [o.n.i.d.DiagnosticsManager] Transaction log:
2022-02-05 14:12:28.750+0000 INFO [o.n.i.d.DiagnosticsManager] No transactions found in any log
2022-02-05 14:12:28.750+0000 INFO [o.n.i.d.DiagnosticsManager] --- STARTED diagnostics for TRANSACTION_RANGE END ---
2022-02-05 14:12:28.759+0000 INFO [o.n.i.d.DiagnosticsManager] --- STARTED diagnostics for KernelDiagnostics:StoreFiles START ---
2022-02-05 14:12:28.763+0000 INFO [o.n.i.d.DiagnosticsManager] Disk space on partition (Total / Free / Free %): 119507251200 / 23800381440 / 19
2022-02-05 14:12:28.764+0000 INFO [o.n.i.d.DiagnosticsManager] Storage files: (filename : modification date - size)
2022-02-05 14:12:28.771+0000 INFO [o.n.i.d.DiagnosticsManager]   index:
2022-02-05 14:12:28.772+0000 INFO [o.n.i.d.DiagnosticsManager]   - Total: 2022-02-05T15:12:28+0100 - 0.00 B
2022-02-05 14:12:28.773+0000 INFO [o.n.i.d.DiagnosticsManager]   neostore: 2022-02-05T15:12:27+0100 - 8.00 kB
2022-02-05 14:12:28.773+0000 INFO [o.n.i.d.DiagnosticsManager]   neostore.counts.db.a: 2022-02-05T15:12:28+0100 - 96.00 B
2022-02-05 14:12:28.774+0000 INFO [o.n.i.d.DiagnosticsManager]   neostore.id: 2022-02-05T15:12:27+0100 - 9.00 B
2022-02-05 14:12:28.775+0000 INFO [o.n.i.d.DiagnosticsManager]   neostore.labelscanstore.db: 2022-02-05T15:12:28+0100 - 40.00 kB
2022-02-05 14:12:28.775+0000 INFO [o.n.i.d.DiagnosticsManager]   neostore.labeltokenstore.db: 2022-02-05T15:12:27+0100 - 0.00 B
2022-02-05 14:12:28.776+0000 INFO [o.n.i.d.DiagnosticsManager]   neostore.labeltokenstore.db.id: 2022-02-05T15:12:27+0100 - 9.00 B
2022-02-05 14:12:28.776+0000 INFO [o.n.i.d.DiagnosticsManager]   neostore.labeltokenstore.db.names: 2022-02-05T15:12:27+0100 - 8.00 kB
2022-02-05 14:12:28.777+0000 INFO [o.n.i.d.DiagnosticsManager]   neostore.labeltokenstore.db.names.id: 2022-02-05T15:12:27+0100 - 9.00 B
2022-02-05 14:12:28.777+0000 INFO [o.n.i.d.DiagnosticsManager]   neostore.nodestore.db: 2022-02-05T15:12:27+0100 - 0.00 B
2022-02-05 14:12:28.778+0000 INFO [o.n.i.d.DiagnosticsManager]   neostore.nodestore.db.id: 2022-02-05T15:12:27+0100 - 9.00 B
2022-02-05 14:12:28.779+0000 INFO [o.n.i.d.DiagnosticsManager]   neostore.nodestore.db.labels: 2022-02-05T15:12:27+0100 - 8.00 kB
2022-02-05 14:12:28.780+0000 INFO [o.n.i.d.DiagnosticsManager]   neostore.nodestore.db.labels.id: 2022-02-05T15:12:27+0100 - 9.00 B
2022-02-05 14:12:28.780+0000 INFO [o.n.i.d.DiagnosticsManager]   neostore.propertystore.db: 2022-02-05T15:12:27+0100 - 0.00 B
2022-02-05 14:12:28.781+0000 INFO [o.n.i.d.DiagnosticsManager]   neostore.propertystore.db.arrays: 2022-02-05T15:12:27+0100 - 8.00 kB
2022-02-05 14:12:28.781+0000 INFO [o.n.i.d.DiagnosticsManager]   neostore.propertystore.db.arrays.id: 2022-02-05T15:12:27+0100 - 9.00 B
2022-02-05 14:12:28.782+0000 INFO [o.n.i.d.DiagnosticsManager]   neostore.propertystore.db.id: 2022-02-05T15:12:27+0100 - 9.00 B
2022-02-05 14:12:28.782+0000 INFO [o.n.i.d.DiagnosticsManager]   neostore.propertystore.db.index: 2022-02-05T15:12:27+0100 - 0.00 B
2022-02-05 14:12:28.783+0000 INFO [o.n.i.d.DiagnosticsManager]   neostore.propertystore.db.index.id: 2022-02-05T15:12:27+0100 - 9.00 B
2022-02-05 14:12:28.783+0000 INFO [o.n.i.d.DiagnosticsManager]   neostore.propertystore.db.index.keys: 2022-02-05T15:12:27+0100 - 8.00 kB
2022-02-05 14:12:28.784+0000 INFO [o.n.i.d.DiagnosticsManager]   neostore.propertystore.db.index.keys.id: 2022-02-05T15:12:27+0100 - 9.00 B
2022-02-05 14:12:28.785+0000 INFO [o.n.i.d.DiagnosticsManager]   neostore.propertystore.db.strings: 2022-02-05T15:12:27+0100 - 8.00 kB
2022-02-05 14:12:28.786+0000 INFO [o.n.i.d.DiagnosticsManager]   neostore.propertystore.db.strings.id: 2022-02-05T15:12:27+0100 - 9.00 B
2022-02-05 14:12:28.787+0000 INFO [o.n.i.d.DiagnosticsManager]   neostore.relationshipgroupstore.db: 2022-02-05T15:12:27+0100 - 8.00 kB
2022-02-05 14:12:28.787+0000 INFO [o.n.i.d.DiagnosticsManager]   neostore.relationshipgroupstore.db.id: 2022-02-05T15:12:27+0100 - 9.00 B
2022-02-05 14:12:28.788+0000 INFO [o.n.i.d.DiagnosticsManager]   neostore.relationshipstore.db: 2022-02-05T15:12:27+0100 - 0.00 B
2022-02-05 14:12:28.789+0000 INFO [o.n.i.d.DiagnosticsManager]   neostore.relationshipstore.db.id: 2022-02-05T15:12:27+0100 - 9.00 B
2022-02-05 14:12:28.789+0000 INFO [o.n.i.d.DiagnosticsManager]   neostore.relationshiptypestore.db: 2022-02-05T15:12:27+0100 - 0.00 B
2022-02-05 14:12:28.790+0000 INFO [o.n.i.d.DiagnosticsManager]   neostore.relationshiptypestore.db.id: 2022-02-05T15:12:27+0100 - 9.00 B
2022-02-05 14:12:28.790+0000 INFO [o.n.i.d.DiagnosticsManager]   neostore.relationshiptypestore.db.names: 2022-02-05T15:12:27+0100 - 8.00 kB
2022-02-05 14:12:28.791+0000 INFO [o.n.i.d.DiagnosticsManager]   neostore.relationshiptypestore.db.names.id: 2022-02-05T15:12:27+0100 - 9.00 B
2022-02-05 14:12:28.791+0000 INFO [o.n.i.d.DiagnosticsManager]   neostore.schemastore.db: 2022-02-05T15:12:27+0100 - 8.00 kB
2022-02-05 14:12:28.792+0000 INFO [o.n.i.d.DiagnosticsManager]   neostore.schemastore.db.id: 2022-02-05T15:12:27+0100 - 9.00 B
2022-02-05 14:12:28.793+0000 INFO [o.n.i.d.DiagnosticsManager]   neostore.transaction.db.0: 2022-02-05T15:12:28+0100 - 16.00 B
2022-02-05 14:12:28.793+0000 INFO [o.n.i.d.DiagnosticsManager] Storage summary: 
2022-02-05 14:12:28.793+0000 INFO [o.n.i.d.DiagnosticsManager]   Total size of store: 112.24 kB
2022-02-05 14:12:28.794+0000 INFO [o.n.i.d.DiagnosticsManager]   Total size of mapped files: 112.00 kB
2022-02-05 14:12:28.794+0000 INFO [o.n.i.d.DiagnosticsManager] --- STARTED diagnostics for KernelDiagnostics:StoreFiles END ---
2022-02-05 14:12:28.795+0000 INFO [o.n.k.a.DatabaseAvailabilityGuard] Fulfilling of requirement 'Database available' makes database graph.db available.
2022-02-05 14:12:28.796+0000 INFO [o.n.k.a.DatabaseAvailabilityGuard] Database graph.db is ready.
2022-02-05 14:12:28.796+0000 INFO [o.n.k.i.DatabaseHealth] Database health set to OK
2022-02-05 14:12:29.853+0000 INFO [o.n.b.BoltServer] Bolt server loaded
2022-02-05 14:12:30.153+0000 INFO [o.n.b.BoltServer] Bolt enabled on 127.0.0.1:7687.
2022-02-05 14:12:34.145+0000 INFO [o.n.i.d.DiagnosticsManager] --- SERVER STARTED START ---
2022-02-05 14:12:36.182+0000 INFO [o.n.i.d.DiagnosticsManager] --- SERVER STARTED END ---
2022-02-05 14:12:56.956+0000 WARN [o.n.b.r.DefaultBoltConnection] The client is unauthorized due to authentication failure.
2022-02-05 14:12:57.598+0000 WARN [o.n.b.r.DefaultBoltConnection] The client is unauthorized due to authentication failure.
2022-02-05 14:12:58.247+0000 WARN [o.n.b.r.DefaultBoltConnection] The client is unauthorized due to authentication failure.
2022-02-05 14:25:00.575+0000 WARN [o.n.k.i.c.VmPauseMonitorComponent] Detected VM stop-the-world pause: {pauseTime=174, gcTime=0, gcCount=0}
2022-02-05 14:25:17.694+0000 WARN [o.n.k.i.c.VmPauseMonitorComponent] Detected VM stop-the-world pause: {pauseTime=136, gcTime=0, gcCount=0}
2022-02-05 14:39:08.907+0000 INFO [o.n.k.i.t.l.c.CheckPointerImpl] Checkpoint triggered by "Scheduled checkpoint for time threshold" @ txId: 9 checkpoint started...
2022-02-05 14:39:08.960+0000 INFO [o.n.k.i.s.c.CountsTracker] Rotated counts store at transaction 9 to [C:\Users\Marcus Aurelius\Desktop\neo4j-community-3.5.30-windows\neo4j-community-3.5.30\data\databases\graph.db\neostore.counts.db.b], from [C:\Users\Marcus Aurelius\Desktop\neo4j-community-3.5.30-windows\neo4j-community-3.5.30\data\databases\graph.db\neostore.counts.db.a].
2022-02-05 14:39:08.990+0000 INFO [o.n.k.i.t.l.c.CheckPointerImpl] Checkpoint triggered by "Scheduled checkpoint for time threshold" @ txId: 9 checkpoint completed in 78ms
2022-02-05 14:39:08.995+0000 INFO [o.n.k.i.t.l.p.LogPruningImpl] No log version pruned, last checkpoint was made in version 0
2022-02-05 14:52:37.496+0000 WARN [o.n.k.i.c.VmPauseMonitorComponent] Detected VM stop-the-world pause: {pauseTime=163, gcTime=0, gcCount=0}
2022-02-05 14:52:37.717+0000 WARN [o.n.k.i.c.VmPauseMonitorComponent] Detected VM stop-the-world pause: {pauseTime=140, gcTime=0, gcCount=0}
2022-02-05 14:54:39.056+0000 WARN [o.n.k.i.c.VmPauseMonitorComponent] Detected VM stop-the-world pause: {pauseTime=199, gcTime=0, gcCount=0}
2022-02-05 14:54:39.458+0000 WARN [o.n.k.i.c.VmPauseMonitorComponent] Detected VM stop-the-world pause: {pauseTime=459, gcTime=0, gcCount=0}
2022-02-05 15:16:53.948+0000 WARN [o.n.k.i.c.VmPauseMonitorComponent] Detected VM stop-the-world pause: {pauseTime=112, gcTime=0, gcCount=0}
2022-02-05 15:29:44.409+0000 WARN [o.n.k.i.c.VmPauseMonitorComponent] Detected VM stop-the-world pause: {pauseTime=124, gcTime=0, gcCount=0}
2022-02-05 15:30:35.609+0000 WARN [o.n.k.i.c.VmPauseMonitorComponent] Detected VM stop-the-world pause: {pauseTime=119, gcTime=0, gcCount=0}
2022-02-05 15:47:25.354+0000 WARN [o.n.k.i.c.VmPauseMonitorComponent] Detected VM stop-the-world pause: {pauseTime=118, gcTime=0, gcCount=0}
2022-02-05 15:55:29.679+0000 WARN [o.n.k.i.c.VmPauseMonitorComponent] Detected VM stop-the-world pause: {pauseTime=285, gcTime=0, gcCount=0}
2022-02-05 15:59:38.851+0000 WARN [o.n.k.i.c.VmPauseMonitorComponent] Detected VM stop-the-world pause: {pauseTime=175, gcTime=0, gcCount=0}
2022-02-05 16:15:58.677+0000 WARN [o.n.k.i.c.VmPauseMonitorComponent] Detected VM stop-the-world pause: {pauseTime=180, gcTime=0, gcCount=0}
2022-02-05 16:19:51.944+0000 WARN [o.n.k.i.c.VmPauseMonitorComponent] Detected VM stop-the-world pause: {pauseTime=191, gcTime=0, gcCount=0}
2022-02-05 16:19:52.140+0000 WARN [o.n.k.i.c.VmPauseMonitorComponent] Detected VM stop-the-world pause: {pauseTime=129, gcTime=0, gcCount=0}
2022-02-05 16:19:52.340+0000 WARN [o.n.k.i.c.VmPauseMonitorComponent] Detected VM stop-the-world pause: {pauseTime=114, gcTime=0, gcCount=0}
2022-02-05 16:21:06.250+0000 WARN [o.n.k.i.c.VmPauseMonitorComponent] Detected VM stop-the-world pause: {pauseTime=263, gcTime=0, gcCount=0}
2022-02-05 16:21:06.402+0000 WARN [o.n.k.i.c.VmPauseMonitorComponent] Detected VM stop-the-world pause: {pauseTime=314, gcTime=0, gcCount=0}
2022-02-05 16:25:55.544+0000 WARN [o.n.k.i.c.VmPauseMonitorComponent] Detected VM stop-the-world pause: {pauseTime=101, gcTime=0, gcCount=0}
2022-02-05 16:30:41.499+0000 WARN [o.n.k.i.c.VmPauseMonitorComponent] Detected VM stop-the-world pause: {pauseTime=190, gcTime=0, gcCount=0}
2022-02-05 16:30:57.399+0000 INFO [o.n.c.i.ExecutionEngine] Discarded stale query from the query cache after 7886 seconds: match(n:Gost)-[r:REZERVACIJA]->(s:Soba) return n
2022-02-05 16:30:57.916+0000 INFO [o.n.c.i.ExecutionEngine] Discarded stale query from the query cache after 7887 seconds: match(n:Gost)-[r:REZERVACIJA]->(s:Soba) return ID(n)
2022-02-05 16:30:58.005+0000 INFO [o.n.c.i.ExecutionEngine] Discarded stale query from the query cache after 7887 seconds: match(n:Gost)-[r:REZERVACIJA]->(s:Soba) return s
2022-02-05 16:30:58.044+0000 INFO [o.n.c.i.ExecutionEngine] Discarded stale query from the query cache after 7887 seconds: match(n:Gost)-[r:REZERVACIJA]->(s:Soba) return r
2022-02-05 16:39:09.946+0000 INFO [o.n.k.i.t.l.c.CheckPointerImpl] Checkpoint triggered by "Scheduled checkpoint for time threshold" @ txId: 19 checkpoint started...
2022-02-05 16:39:10.055+0000 INFO [o.n.k.i.s.c.CountsTracker] Rotated counts store at transaction 19 to [C:\Users\Marcus Aurelius\Desktop\neo4j-community-3.5.30-windows\neo4j-community-3.5.30\data\databases\graph.db\neostore.counts.db.a], from [C:\Users\Marcus Aurelius\Desktop\neo4j-community-3.5.30-windows\neo4j-community-3.5.30\data\databases\graph.db\neostore.counts.db.b].
2022-02-05 16:39:10.098+0000 INFO [o.n.k.i.t.l.c.CheckPointerImpl] Checkpoint triggered by "Scheduled checkpoint for time threshold" @ txId: 19 checkpoint completed in 149ms
2022-02-05 16:39:10.100+0000 INFO [o.n.k.i.t.l.p.LogPruningImpl] No log version pruned, last checkpoint was made in version 0
2022-02-05 16:39:19.347+0000 INFO [o.n.c.i.ExecutionEngine] Discarded stale query from the query cache after 8752 seconds: 
CALL db.labels() YIELD label
RETURN {name:'labels', data:COLLECT(label)[..1000]} AS result
UNION ALL
CALL db.relationshipTypes() YIELD relationshipType
RETURN {name:'relationshipTypes', data:COLLECT(relationshipType)[..1000]} AS result
UNION ALL
CALL db.propertyKeys() YIELD propertyKey
RETURN {name:'propertyKeys', data:COLLECT(propertyKey)[..1000]} AS result
UNION ALL
CALL dbms.functions() YIELD name, signature, description
RETURN {name:'functions', data: collect({name: name, signature: signature, description: description})} AS result
UNION ALL
CALL dbms.procedures() YIELD name, signature, description
RETURN {name:'procedures', data:collect({name: name, signature: signature, description: description})} AS result
UNION ALL
MATCH () RETURN { name:'nodes', data:count(*) } AS result
UNION ALL
MATCH ()-[]->() RETURN { name:'relationships', data: count(*)} AS result

2022-02-05 16:39:21.675+0000 INFO [o.n.c.i.ExecutionEngine] Discarded stale query from the query cache after 7597 seconds: MATCH (a)-[r]->(b) WHERE id(a) IN $existingNodeIds AND id(b) IN $newNodeIds RETURN r;
2022-02-05 16:39:52.479+0000 WARN [o.n.k.i.c.VmPauseMonitorComponent] Detected VM stop-the-world pause: {pauseTime=116, gcTime=0, gcCount=0}
2022-02-05 16:39:56.003+0000 WARN [o.n.k.i.c.VmPauseMonitorComponent] Detected VM stop-the-world pause: {pauseTime=119, gcTime=0, gcCount=0}
2022-02-05 16:43:06.544+0000 WARN [o.n.k.i.c.VmPauseMonitorComponent] Detected VM stop-the-world pause: {pauseTime=694, gcTime=0, gcCount=0}
2022-02-05 16:47:20.297+0000 WARN [o.n.k.i.c.VmPauseMonitorComponent] Detected VM stop-the-world pause: {pauseTime=586, gcTime=0, gcCount=0}
2022-02-05 16:47:25.944+0000 INFO [o.n.c.i.ExecutionEngine] Discarded stale query from the query cache after 5104 seconds: match(n:Soba)return n
2022-02-05 16:48:00.037+0000 INFO [o.n.c.i.ExecutionEngine] Discarded stale query from the query cache after 520 seconds: 
CALL db.labels() YIELD label
RETURN {name:'labels', data:COLLECT(label)[..1000]} AS result
UNION ALL
CALL db.relationshipTypes() YIELD relationshipType
RETURN {name:'relationshipTypes', data:COLLECT(relationshipType)[..1000]} AS result
UNION ALL
CALL db.propertyKeys() YIELD propertyKey
RETURN {name:'propertyKeys', data:COLLECT(propertyKey)[..1000]} AS result
UNION ALL
CALL dbms.functions() YIELD name, signature, description
RETURN {name:'functions', data: collect({name: name, signature: signature, description: description})} AS result
UNION ALL
CALL dbms.procedures() YIELD name, signature, description
RETURN {name:'procedures', data:collect({name: name, signature: signature, description: description})} AS result
UNION ALL
MATCH () RETURN { name:'nodes', data:count(*) } AS result
UNION ALL
MATCH ()-[]->() RETURN { name:'relationships', data: count(*)} AS result

2022-02-05 16:53:40.418+0000 WARN [o.n.k.i.c.VmPauseMonitorComponent] Detected VM stop-the-world pause: {pauseTime=107, gcTime=0, gcCount=0}
2022-02-05 16:53:40.591+0000 WARN [o.n.k.i.c.VmPauseMonitorComponent] Detected VM stop-the-world pause: {pauseTime=163, gcTime=0, gcCount=0}
2022-02-05 16:54:10.430+0000 INFO [o.n.k.i.t.l.c.CheckPointerImpl] Checkpoint triggered by "Scheduled checkpoint for time threshold" @ txId: 21 checkpoint started...
2022-02-05 16:54:10.546+0000 INFO [o.n.k.i.s.c.CountsTracker] Rotated counts store at transaction 21 to [C:\Users\Marcus Aurelius\Desktop\neo4j-community-3.5.30-windows\neo4j-community-3.5.30\data\databases\graph.db\neostore.counts.db.b], from [C:\Users\Marcus Aurelius\Desktop\neo4j-community-3.5.30-windows\neo4j-community-3.5.30\data\databases\graph.db\neostore.counts.db.a].
2022-02-05 16:54:10.629+0000 INFO [o.n.k.i.t.l.c.CheckPointerImpl] Checkpoint triggered by "Scheduled checkpoint for time threshold" @ txId: 21 checkpoint completed in 196ms
2022-02-05 16:54:10.635+0000 INFO [o.n.k.i.t.l.p.LogPruningImpl] No log version pruned, last checkpoint was made in version 0
2022-02-05 16:54:58.435+0000 WARN [o.n.k.i.c.VmPauseMonitorComponent] Detected VM stop-the-world pause: {pauseTime=285, gcTime=0, gcCount=0}
2022-02-05 16:55:00.178+0000 WARN [o.n.k.i.c.VmPauseMonitorComponent] Detected VM stop-the-world pause: {pauseTime=339, gcTime=0, gcCount=0}
2022-02-05 16:55:09.279+0000 WARN [o.n.k.i.c.VmPauseMonitorComponent] Detected VM stop-the-world pause: {pauseTime=167, gcTime=195, gcCount=1}
2022-02-05 16:55:09.557+0000 INFO [o.n.c.i.ExecutionEngine] Discarded stale query from the query cache after 948 seconds: MATCH (n:Soba) RETURN n LIMIT 25
2022-02-05 16:55:09.934+0000 INFO [o.n.c.i.ExecutionEngine] Discarded stale query from the query cache after 948 seconds: MATCH (a)-[r]->(b) WHERE id(a) IN $existingNodeIds AND id(b) IN $newNodeIds RETURN r;
2022-02-05 16:58:39.731+0000 WARN [o.n.k.i.c.VmPauseMonitorComponent] Detected VM stop-the-world pause: {pauseTime=183, gcTime=0, gcCount=0}
2022-02-05 16:58:41.538+0000 WARN [o.n.k.i.c.VmPauseMonitorComponent] Detected VM stop-the-world pause: {pauseTime=802, gcTime=0, gcCount=0}
2022-02-05 16:58:43.391+0000 WARN [o.n.k.i.c.VmPauseMonitorComponent] Detected VM stop-the-world pause: {pauseTime=351, gcTime=0, gcCount=0}
2022-02-05 17:03:50.590+0000 INFO [o.n.c.i.ExecutionEngine] Discarded stale query from the query cache after 1972 seconds: match(n:Gost)-[r:REZERVACIJA]->(s:Soba) return n
2022-02-05 17:03:50.637+0000 INFO [o.n.c.i.ExecutionEngine] Discarded stale query from the query cache after 1972 seconds: match(n:Gost)-[r:REZERVACIJA]->(s:Soba) return ID(n)
2022-02-05 17:03:50.665+0000 INFO [o.n.c.i.ExecutionEngine] Discarded stale query from the query cache after 1972 seconds: match(n:Gost)-[r:REZERVACIJA]->(s:Soba) return s
2022-02-05 17:03:50.687+0000 INFO [o.n.c.i.ExecutionEngine] Discarded stale query from the query cache after 1972 seconds: match(n:Gost)-[r:REZERVACIJA]->(s:Soba) return r
2022-02-05 17:08:58.626+0000 WARN [o.n.k.i.c.VmPauseMonitorComponent] Detected VM stop-the-world pause: {pauseTime=185, gcTime=0, gcCount=0}
2022-02-05 17:09:10.777+0000 INFO [o.n.k.i.t.l.c.CheckPointerImpl] Checkpoint triggered by "Scheduled checkpoint for time threshold" @ txId: 30 checkpoint started...
2022-02-05 17:09:10.805+0000 INFO [o.n.k.i.s.c.CountsTracker] Rotated counts store at transaction 30 to [C:\Users\Marcus Aurelius\Desktop\neo4j-community-3.5.30-windows\neo4j-community-3.5.30\data\databases\graph.db\neostore.counts.db.a], from [C:\Users\Marcus Aurelius\Desktop\neo4j-community-3.5.30-windows\neo4j-community-3.5.30\data\databases\graph.db\neostore.counts.db.b].
2022-02-05 17:09:10.826+0000 INFO [o.n.k.i.t.l.c.CheckPointerImpl] Checkpoint triggered by "Scheduled checkpoint for time threshold" @ txId: 30 checkpoint completed in 48ms
2022-02-05 17:09:10.827+0000 INFO [o.n.k.i.t.l.p.LogPruningImpl] No log version pruned, last checkpoint was made in version 0
2022-02-05 17:19:26.023+0000 WARN [o.n.k.i.c.VmPauseMonitorComponent] Detected VM stop-the-world pause: {pauseTime=533, gcTime=0, gcCount=0}
2022-02-05 17:19:28.308+0000 WARN [o.n.k.i.c.VmPauseMonitorComponent] Detected VM stop-the-world pause: {pauseTime=3505, gcTime=0, gcCount=0}
2022-02-05 17:19:29.482+0000 WARN [o.n.k.i.c.VmPauseMonitorComponent] Detected VM stop-the-world pause: {pauseTime=172, gcTime=0, gcCount=0}
2022-02-05 17:21:22.504+0000 WARN [o.n.k.i.c.VmPauseMonitorComponent] Detected VM stop-the-world pause: {pauseTime=120, gcTime=0, gcCount=0}
2022-02-05 17:24:10.912+0000 INFO [o.n.k.i.t.l.c.CheckPointerImpl] Checkpoint triggered by "Scheduled checkpoint for time threshold" @ txId: 31 checkpoint started...
2022-02-05 17:24:11.011+0000 INFO [o.n.k.i.s.c.CountsTracker] Rotated counts store at transaction 31 to [C:\Users\Marcus Aurelius\Desktop\neo4j-community-3.5.30-windows\neo4j-community-3.5.30\data\databases\graph.db\neostore.counts.db.b], from [C:\Users\Marcus Aurelius\Desktop\neo4j-community-3.5.30-windows\neo4j-community-3.5.30\data\databases\graph.db\neostore.counts.db.a].
2022-02-05 17:24:11.067+0000 INFO [o.n.k.i.t.l.c.CheckPointerImpl] Checkpoint triggered by "Scheduled checkpoint for time threshold" @ txId: 31 checkpoint completed in 152ms
2022-02-05 17:24:11.072+0000 INFO [o.n.k.i.t.l.p.LogPruningImpl] No log version pruned, last checkpoint was made in version 0
2022-02-05 17:35:59.395+0000 WARN [o.n.k.i.c.VmPauseMonitorComponent] Detected VM stop-the-world pause: {pauseTime=108, gcTime=0, gcCount=0}
2022-02-05 17:41:58.431+0000 WARN [o.n.k.i.c.VmPauseMonitorComponent] Detected VM stop-the-world pause: {pauseTime=213, gcTime=0, gcCount=0}
2022-02-05 17:42:00.518+0000 WARN [o.n.k.i.c.VmPauseMonitorComponent] Detected VM stop-the-world pause: {pauseTime=110, gcTime=0, gcCount=0}
2022-02-05 17:42:26.132+0000 WARN [o.n.k.i.c.VmPauseMonitorComponent] Detected VM stop-the-world pause: {pauseTime=193, gcTime=0, gcCount=0}
2022-02-05 17:42:46.682+0000 WARN [o.n.k.i.c.VmPauseMonitorComponent] Detected VM stop-the-world pause: {pauseTime=108, gcTime=0, gcCount=0}
